2022-12-28 14:05:58.582  INFO 11294 --- [main] c.i.collegeapp.CollegeappApplication     : Starting CollegeappApplication using Java 11.0.12 on humblemouses-MacBook-Pro.local with PID 11294 (/Users/humblemouse/IdeaProjects/healthdata/target/classes started by humblemouse in /Users/humblemouse/IdeaProjects/healthdata)
2022-12-28 14:05:58.586  INFO 11294 --- [main] c.i.collegeapp.CollegeappApplication     : No active profile set, falling back to default profiles: default
2022-12-28 14:05:58.846  INFO 11294 --- [main] .s.d.r.c.RepositoryConfigurationDelegate : Bootstrapping Spring Data JPA repositories in DEFAULT mode.
2022-12-28 14:05:58.877  INFO 11294 --- [main] .s.d.r.c.RepositoryConfigurationDelegate : Finished Spring Data repository scanning in 27 ms. Found 3 JPA repository interfaces.
2022-12-28 14:05:59.066  INFO 11294 --- [main] o.s.b.w.embedded.tomcat.TomcatWebServer  : Tomcat initialized with port(s): 8080 (http)
2022-12-28 14:05:59.070  INFO 11294 --- [main] o.apache.catalina.core.StandardService   : Starting service [Tomcat]
2022-12-28 14:05:59.071  INFO 11294 --- [main] org.apache.catalina.core.StandardEngine  : Starting Servlet engine: [Apache Tomcat/9.0.52]
2022-12-28 14:05:59.115  INFO 11294 --- [main] o.a.c.c.C.[Tomcat].[localhost].[/]       : Initializing Spring embedded WebApplicationContext
2022-12-28 14:05:59.115  INFO 11294 --- [main] w.s.c.ServletWebServerApplicationContext : Root WebApplicationContext: initialization completed in 513 ms
2022-12-28 14:05:59.132  INFO 11294 --- [main] com.zaxxer.hikari.HikariDataSource       : HikariPool-1 - Starting...
2022-12-28 14:05:59.191  INFO 11294 --- [main] com.zaxxer.hikari.HikariDataSource       : HikariPool-1 - Start completed.
2022-12-28 14:05:59.193  INFO 11294 --- [main] o.s.b.a.h2.H2ConsoleAutoConfiguration    : H2 console available at '/h2-console'. Database available at 'jdbc:h2:file:./data/demo'
2022-12-28 14:05:59.274  INFO 11294 --- [main] o.hibernate.jpa.internal.util.LogHelper  : HHH000204: Processing PersistenceUnitInfo [name: default]
2022-12-28 14:05:59.294  INFO 11294 --- [main] org.hibernate.Version                    : HHH000412: Hibernate ORM core version 5.4.32.Final
2022-12-28 14:05:59.346  INFO 11294 --- [main] o.hibernate.annotations.common.Version   : HCANN000001: Hibernate Commons Annotations {5.1.2.Final}
2022-12-28 14:05:59.384  INFO 11294 --- [main] org.hibernate.dialect.Dialect            : HHH000400: Using dialect: org.hibernate.dialect.H2Dialect
2022-12-28 14:05:59.587  INFO 11294 --- [main] o.h.e.t.j.p.i.JtaPlatformInitiator       : HHH000490: Using JtaPlatform implementation: [org.hibernate.engine.transaction.jta.platform.internal.NoJtaPlatform]
2022-12-28 14:05:59.591  INFO 11294 --- [main] j.LocalContainerEntityManagerFactoryBean : Initialized JPA EntityManagerFactory for persistence unit 'default'
2022-12-28 14:05:59.759  WARN 11294 --- [main] JpaBaseConfiguration$JpaWebConfiguration : spring.jpa.open-in-view is enabled by default. Therefore, database queries may be performed during view rendering. Explicitly configure spring.jpa.open-in-view to disable this warning
2022-12-28 14:05:59.844  INFO 11294 --- [main] o.s.b.a.w.s.WelcomePageHandlerMapping    : Adding welcome page template: index
2022-12-28 14:05:59.924  INFO 11294 --- [main] o.s.b.w.embedded.tomcat.TomcatWebServer  : Tomcat started on port(s): 8080 (http) with context path ''
2022-12-28 14:05:59.930  INFO 11294 --- [main] c.i.collegeapp.CollegeappApplication     : Started CollegeappApplication in 6.561 seconds (JVM running for 6.726)
2022-12-28 14:06:20.722  INFO 11294 --- [SpringApplicationShutdownHook] j.LocalContainerEntityManagerFactoryBean : Closing JPA EntityManagerFactory for persistence unit 'default'
2022-12-28 14:06:20.724  INFO 11294 --- [SpringApplicationShutdownHook] com.zaxxer.hikari.HikariDataSource       : HikariPool-1 - Shutdown initiated...
2022-12-28 14:06:20.726  INFO 11294 --- [SpringApplicationShutdownHook] com.zaxxer.hikari.HikariDataSource       : HikariPool-1 - Shutdown completed.
2022-12-28 14:17:37.533  INFO 11477 --- [main] c.i.collegeapp.CollegeappApplication     : Starting CollegeappApplication using Java 11.0.12 on humblemouses-MacBook-Pro.local with PID 11477 (/Users/humblemouse/IdeaProjects/healthdata/target/classes started by humblemouse in /Users/humblemouse/IdeaProjects/healthdata)
2022-12-28 14:17:37.534  INFO 11477 --- [main] c.i.collegeapp.CollegeappApplication     : No active profile set, falling back to default profiles: default
2022-12-28 14:17:37.791  INFO 11477 --- [main] .s.d.r.c.RepositoryConfigurationDelegate : Bootstrapping Spring Data JPA repositories in DEFAULT mode.
2022-12-28 14:17:37.819  INFO 11477 --- [main] .s.d.r.c.RepositoryConfigurationDelegate : Finished Spring Data repository scanning in 24 ms. Found 3 JPA repository interfaces.
2022-12-28 14:17:38.023  INFO 11477 --- [main] o.s.b.w.embedded.tomcat.TomcatWebServer  : Tomcat initialized with port(s): 8080 (http)
2022-12-28 14:17:38.030  INFO 11477 --- [main] o.apache.catalina.core.StandardService   : Starting service [Tomcat]
2022-12-28 14:17:38.030  INFO 11477 --- [main] org.apache.catalina.core.StandardEngine  : Starting Servlet engine: [Apache Tomcat/9.0.52]
2022-12-28 14:17:38.070  INFO 11477 --- [main] o.a.c.c.C.[Tomcat].[localhost].[/]       : Initializing Spring embedded WebApplicationContext
2022-12-28 14:17:38.071  INFO 11477 --- [main] w.s.c.ServletWebServerApplicationContext : Root WebApplicationContext: initialization completed in 519 ms
2022-12-28 14:17:38.086  INFO 11477 --- [main] com.zaxxer.hikari.HikariDataSource       : HikariPool-1 - Starting...
2022-12-28 14:17:38.133  INFO 11477 --- [main] com.zaxxer.hikari.HikariDataSource       : HikariPool-1 - Start completed.
2022-12-28 14:17:38.135  INFO 11477 --- [main] o.s.b.a.h2.H2ConsoleAutoConfiguration    : H2 console available at '/h2-console'. Database available at 'jdbc:h2:file:./data/demo'
2022-12-28 14:17:38.206  INFO 11477 --- [main] o.hibernate.jpa.internal.util.LogHelper  : HHH000204: Processing PersistenceUnitInfo [name: default]
2022-12-28 14:17:38.224  INFO 11477 --- [main] org.hibernate.Version                    : HHH000412: Hibernate ORM core version 5.4.32.Final
2022-12-28 14:17:38.271  INFO 11477 --- [main] o.hibernate.annotations.common.Version   : HCANN000001: Hibernate Commons Annotations {5.1.2.Final}
2022-12-28 14:17:38.304  INFO 11477 --- [main] org.hibernate.dialect.Dialect            : HHH000400: Using dialect: org.hibernate.dialect.H2Dialect
2022-12-28 14:17:38.490  INFO 11477 --- [main] o.h.e.t.j.p.i.JtaPlatformInitiator       : HHH000490: Using JtaPlatform implementation: [org.hibernate.engine.transaction.jta.platform.internal.NoJtaPlatform]
2022-12-28 14:17:38.495  INFO 11477 --- [main] j.LocalContainerEntityManagerFactoryBean : Initialized JPA EntityManagerFactory for persistence unit 'default'
2022-12-28 14:17:38.512  WARN 11477 --- [main] ConfigServletWebServerApplicationContext : Exception encountered during context initialization - cancelling refresh attempt: org.springframework.beans.factory.UnsatisfiedDependencyException: Error creating bean with name 'globalRunListener': Unsatisfied dependency expressed through field 'callHealthApiConsumeDataDataTask'; nested exception is org.springframework.beans.factory.UnsatisfiedDependencyException: Error creating bean with name 'callHealthApiConsumeDataDataTask' defined in file [/Users/humblemouse/IdeaProjects/healthdata/target/classes/com/isaac/collegeapp/task/CallHealthApiConsumeDataDataTask.class]: Unsatisfied dependency expressed through constructor parameter 0; nested exception is org.springframework.beans.factory.NoSuchBeanDefinitionException: No qualifying bean of type 'org.springframework.web.client.RestTemplate' available: expected at least 1 bean which qualifies as autowire candidate. Dependency annotations: {}
2022-12-28 14:17:38.512  INFO 11477 --- [main] j.LocalContainerEntityManagerFactoryBean : Closing JPA EntityManagerFactory for persistence unit 'default'
2022-12-28 14:17:38.514  INFO 11477 --- [main] com.zaxxer.hikari.HikariDataSource       : HikariPool-1 - Shutdown initiated...
2022-12-28 14:17:38.541  INFO 11477 --- [main] com.zaxxer.hikari.HikariDataSource       : HikariPool-1 - Shutdown completed.
2022-12-28 14:17:38.542  INFO 11477 --- [main] o.apache.catalina.core.StandardService   : Stopping service [Tomcat]
2022-12-28 14:17:38.547  INFO 11477 --- [main] ConditionEvaluationReportLoggingListener : 

Error starting ApplicationContext. To display the conditions report re-run your application with 'debug' enabled.
2022-12-28 14:17:38.555 ERROR 11477 --- [main] o.s.b.d.LoggingFailureAnalysisReporter   : 

***************************
APPLICATION FAILED TO START
***************************

Description:

Parameter 0 of constructor in com.isaac.collegeapp.task.CallHealthApiConsumeDataDataTask required a bean of type 'org.springframework.web.client.RestTemplate' that could not be found.

The injection point has the following annotations:
	- @org.springframework.beans.factory.annotation.Autowired(required=true)


Action:

Consider defining a bean of type 'org.springframework.web.client.RestTemplate' in your configuration.

2022-12-28 14:18:18.415  INFO 11493 --- [main] c.i.collegeapp.CollegeappApplication     : Starting CollegeappApplication using Java 11.0.12 on humblemouses-MacBook-Pro.local with PID 11493 (/Users/humblemouse/IdeaProjects/healthdata/target/classes started by humblemouse in /Users/humblemouse/IdeaProjects/healthdata)
2022-12-28 14:18:18.416  INFO 11493 --- [main] c.i.collegeapp.CollegeappApplication     : No active profile set, falling back to default profiles: default
2022-12-28 14:18:18.662  INFO 11493 --- [main] .s.d.r.c.RepositoryConfigurationDelegate : Bootstrapping Spring Data JPA repositories in DEFAULT mode.
2022-12-28 14:18:18.691  INFO 11493 --- [main] .s.d.r.c.RepositoryConfigurationDelegate : Finished Spring Data repository scanning in 24 ms. Found 3 JPA repository interfaces.
2022-12-28 14:18:18.876  INFO 11493 --- [main] o.s.b.w.embedded.tomcat.TomcatWebServer  : Tomcat initialized with port(s): 8080 (http)
2022-12-28 14:18:18.880  INFO 11493 --- [main] o.apache.catalina.core.StandardService   : Starting service [Tomcat]
2022-12-28 14:18:18.880  INFO 11493 --- [main] org.apache.catalina.core.StandardEngine  : Starting Servlet engine: [Apache Tomcat/9.0.52]
2022-12-28 14:18:18.916  INFO 11493 --- [main] o.a.c.c.C.[Tomcat].[localhost].[/]       : Initializing Spring embedded WebApplicationContext
2022-12-28 14:18:18.916  INFO 11493 --- [main] w.s.c.ServletWebServerApplicationContext : Root WebApplicationContext: initialization completed in 485 ms
2022-12-28 14:18:18.928  INFO 11493 --- [main] com.zaxxer.hikari.HikariDataSource       : HikariPool-1 - Starting...
2022-12-28 14:18:18.970  INFO 11493 --- [main] com.zaxxer.hikari.HikariDataSource       : HikariPool-1 - Start completed.
2022-12-28 14:18:18.973  INFO 11493 --- [main] o.s.b.a.h2.H2ConsoleAutoConfiguration    : H2 console available at '/h2-console'. Database available at 'jdbc:h2:file:./data/demo'
2022-12-28 14:18:19.044  INFO 11493 --- [main] o.hibernate.jpa.internal.util.LogHelper  : HHH000204: Processing PersistenceUnitInfo [name: default]
2022-12-28 14:18:19.061  INFO 11493 --- [main] org.hibernate.Version                    : HHH000412: Hibernate ORM core version 5.4.32.Final
2022-12-28 14:18:19.104  INFO 11493 --- [main] o.hibernate.annotations.common.Version   : HCANN000001: Hibernate Commons Annotations {5.1.2.Final}
2022-12-28 14:18:19.138  INFO 11493 --- [main] org.hibernate.dialect.Dialect            : HHH000400: Using dialect: org.hibernate.dialect.H2Dialect
2022-12-28 14:18:19.313  INFO 11493 --- [main] o.h.e.t.j.p.i.JtaPlatformInitiator       : HHH000490: Using JtaPlatform implementation: [org.hibernate.engine.transaction.jta.platform.internal.NoJtaPlatform]
2022-12-28 14:18:19.317  INFO 11493 --- [main] j.LocalContainerEntityManagerFactoryBean : Initialized JPA EntityManagerFactory for persistence unit 'default'
2022-12-28 14:18:19.332  WARN 11493 --- [main] ConfigServletWebServerApplicationContext : Exception encountered during context initialization - cancelling refresh attempt: org.springframework.beans.factory.UnsatisfiedDependencyException: Error creating bean with name 'globalRunListener': Unsatisfied dependency expressed through field 'callHealthApiConsumeDataDataTask'; nested exception is org.springframework.beans.factory.UnsatisfiedDependencyException: Error creating bean with name 'callHealthApiConsumeDataDataTask' defined in file [/Users/humblemouse/IdeaProjects/healthdata/target/classes/com/isaac/collegeapp/task/CallHealthApiConsumeDataDataTask.class]: Unsatisfied dependency expressed through constructor parameter 0; nested exception is org.springframework.beans.factory.NoSuchBeanDefinitionException: No qualifying bean of type 'org.springframework.web.client.RestTemplate' available: expected at least 1 bean which qualifies as autowire candidate. Dependency annotations: {}
2022-12-28 14:18:19.332  INFO 11493 --- [main] j.LocalContainerEntityManagerFactoryBean : Closing JPA EntityManagerFactory for persistence unit 'default'
2022-12-28 14:18:19.333  INFO 11493 --- [main] com.zaxxer.hikari.HikariDataSource       : HikariPool-1 - Shutdown initiated...
2022-12-28 14:18:19.360  INFO 11493 --- [main] com.zaxxer.hikari.HikariDataSource       : HikariPool-1 - Shutdown completed.
2022-12-28 14:18:19.361  INFO 11493 --- [main] o.apache.catalina.core.StandardService   : Stopping service [Tomcat]
2022-12-28 14:18:19.368  INFO 11493 --- [main] ConditionEvaluationReportLoggingListener : 

Error starting ApplicationContext. To display the conditions report re-run your application with 'debug' enabled.
2022-12-28 14:18:19.375 ERROR 11493 --- [main] o.s.b.d.LoggingFailureAnalysisReporter   : 

***************************
APPLICATION FAILED TO START
***************************

Description:

Parameter 0 of constructor in com.isaac.collegeapp.task.CallHealthApiConsumeDataDataTask required a bean of type 'org.springframework.web.client.RestTemplate' that could not be found.

The injection point has the following annotations:
	- @org.springframework.beans.factory.annotation.Autowired(required=true)


Action:

Consider defining a bean of type 'org.springframework.web.client.RestTemplate' in your configuration.

2022-12-28 14:18:57.049  INFO 11506 --- [main] c.i.collegeapp.CollegeappApplication     : Starting CollegeappApplication using Java 11.0.12 on humblemouses-MacBook-Pro.local with PID 11506 (/Users/humblemouse/IdeaProjects/healthdata/target/classes started by humblemouse in /Users/humblemouse/IdeaProjects/healthdata)
2022-12-28 14:18:57.050  INFO 11506 --- [main] c.i.collegeapp.CollegeappApplication     : No active profile set, falling back to default profiles: default
2022-12-28 14:18:57.304  INFO 11506 --- [main] .s.d.r.c.RepositoryConfigurationDelegate : Bootstrapping Spring Data JPA repositories in DEFAULT mode.
2022-12-28 14:18:57.334  INFO 11506 --- [main] .s.d.r.c.RepositoryConfigurationDelegate : Finished Spring Data repository scanning in 26 ms. Found 3 JPA repository interfaces.
2022-12-28 14:18:57.517  INFO 11506 --- [main] o.s.b.w.embedded.tomcat.TomcatWebServer  : Tomcat initialized with port(s): 8080 (http)
2022-12-28 14:18:57.521  INFO 11506 --- [main] o.apache.catalina.core.StandardService   : Starting service [Tomcat]
2022-12-28 14:18:57.522  INFO 11506 --- [main] org.apache.catalina.core.StandardEngine  : Starting Servlet engine: [Apache Tomcat/9.0.52]
2022-12-28 14:18:57.551  INFO 11506 --- [main] o.a.c.c.C.[Tomcat].[localhost].[/]       : Initializing Spring embedded WebApplicationContext
2022-12-28 14:18:57.551  INFO 11506 --- [main] w.s.c.ServletWebServerApplicationContext : Root WebApplicationContext: initialization completed in 486 ms
2022-12-28 14:18:57.562  INFO 11506 --- [main] com.zaxxer.hikari.HikariDataSource       : HikariPool-1 - Starting...
2022-12-28 14:18:57.603  INFO 11506 --- [main] com.zaxxer.hikari.HikariDataSource       : HikariPool-1 - Start completed.
2022-12-28 14:18:57.606  INFO 11506 --- [main] o.s.b.a.h2.H2ConsoleAutoConfiguration    : H2 console available at '/h2-console'. Database available at 'jdbc:h2:file:./data/demo'
2022-12-28 14:18:57.677  INFO 11506 --- [main] o.hibernate.jpa.internal.util.LogHelper  : HHH000204: Processing PersistenceUnitInfo [name: default]
2022-12-28 14:18:57.693  INFO 11506 --- [main] org.hibernate.Version                    : HHH000412: Hibernate ORM core version 5.4.32.Final
2022-12-28 14:18:57.737  INFO 11506 --- [main] o.hibernate.annotations.common.Version   : HCANN000001: Hibernate Commons Annotations {5.1.2.Final}
2022-12-28 14:18:57.770  INFO 11506 --- [main] org.hibernate.dialect.Dialect            : HHH000400: Using dialect: org.hibernate.dialect.H2Dialect
2022-12-28 14:18:57.947  INFO 11506 --- [main] o.h.e.t.j.p.i.JtaPlatformInitiator       : HHH000490: Using JtaPlatform implementation: [org.hibernate.engine.transaction.jta.platform.internal.NoJtaPlatform]
2022-12-28 14:18:57.951  INFO 11506 --- [main] j.LocalContainerEntityManagerFactoryBean : Initialized JPA EntityManagerFactory for persistence unit 'default'
2022-12-28 14:18:57.964  WARN 11506 --- [main] ConfigServletWebServerApplicationContext : Exception encountered during context initialization - cancelling refresh attempt: org.springframework.beans.factory.UnsatisfiedDependencyException: Error creating bean with name 'globalRunListener': Unsatisfied dependency expressed through field 'callHealthApiConsumeDataDataTask'; nested exception is org.springframework.beans.factory.UnsatisfiedDependencyException: Error creating bean with name 'callHealthApiConsumeDataDataTask' defined in file [/Users/humblemouse/IdeaProjects/healthdata/target/classes/com/isaac/collegeapp/task/CallHealthApiConsumeDataDataTask.class]: Unsatisfied dependency expressed through constructor parameter 0; nested exception is org.springframework.beans.factory.NoSuchBeanDefinitionException: No qualifying bean of type 'org.springframework.web.client.RestTemplate' available: expected at least 1 bean which qualifies as autowire candidate. Dependency annotations: {}
2022-12-28 14:18:57.965  INFO 11506 --- [main] j.LocalContainerEntityManagerFactoryBean : Closing JPA EntityManagerFactory for persistence unit 'default'
2022-12-28 14:18:57.966  INFO 11506 --- [main] com.zaxxer.hikari.HikariDataSource       : HikariPool-1 - Shutdown initiated...
2022-12-28 14:18:57.994  INFO 11506 --- [main] com.zaxxer.hikari.HikariDataSource       : HikariPool-1 - Shutdown completed.
2022-12-28 14:18:57.995  INFO 11506 --- [main] o.apache.catalina.core.StandardService   : Stopping service [Tomcat]
2022-12-28 14:18:58.002  INFO 11506 --- [main] ConditionEvaluationReportLoggingListener : 

Error starting ApplicationContext. To display the conditions report re-run your application with 'debug' enabled.
2022-12-28 14:18:58.009 ERROR 11506 --- [main] o.s.b.d.LoggingFailureAnalysisReporter   : 

***************************
APPLICATION FAILED TO START
***************************

Description:

Parameter 0 of constructor in com.isaac.collegeapp.task.CallHealthApiConsumeDataDataTask required a bean of type 'org.springframework.web.client.RestTemplate' that could not be found.

The injection point has the following annotations:
	- @org.springframework.beans.factory.annotation.Autowired(required=true)


Action:

Consider defining a bean of type 'org.springframework.web.client.RestTemplate' in your configuration.

2022-12-28 14:19:34.917  INFO 11523 --- [main] c.i.collegeapp.CollegeappApplication     : Starting CollegeappApplication using Java 11.0.12 on humblemouses-MacBook-Pro.local with PID 11523 (/Users/humblemouse/IdeaProjects/healthdata/target/classes started by humblemouse in /Users/humblemouse/IdeaProjects/healthdata)
2022-12-28 14:19:34.918  INFO 11523 --- [main] c.i.collegeapp.CollegeappApplication     : No active profile set, falling back to default profiles: default
2022-12-28 14:19:35.244  INFO 11523 --- [main] .s.d.r.c.RepositoryConfigurationDelegate : Bootstrapping Spring Data JPA repositories in DEFAULT mode.
2022-12-28 14:19:35.277  INFO 11523 --- [main] .s.d.r.c.RepositoryConfigurationDelegate : Finished Spring Data repository scanning in 28 ms. Found 3 JPA repository interfaces.
2022-12-28 14:19:35.501  INFO 11523 --- [main] o.s.b.w.embedded.tomcat.TomcatWebServer  : Tomcat initialized with port(s): 8080 (http)
2022-12-28 14:19:35.506  INFO 11523 --- [main] o.apache.catalina.core.StandardService   : Starting service [Tomcat]
2022-12-28 14:19:35.506  INFO 11523 --- [main] org.apache.catalina.core.StandardEngine  : Starting Servlet engine: [Apache Tomcat/9.0.52]
2022-12-28 14:19:35.551  INFO 11523 --- [main] o.a.c.c.C.[Tomcat].[localhost].[/]       : Initializing Spring embedded WebApplicationContext
2022-12-28 14:19:35.551  INFO 11523 --- [main] w.s.c.ServletWebServerApplicationContext : Root WebApplicationContext: initialization completed in 613 ms
2022-12-28 14:19:35.569  INFO 11523 --- [main] com.zaxxer.hikari.HikariDataSource       : HikariPool-1 - Starting...
2022-12-28 14:19:35.630  INFO 11523 --- [main] com.zaxxer.hikari.HikariDataSource       : HikariPool-1 - Start completed.
2022-12-28 14:19:35.634  INFO 11523 --- [main] o.s.b.a.h2.H2ConsoleAutoConfiguration    : H2 console available at '/h2-console'. Database available at 'jdbc:h2:file:./data/demo'
2022-12-28 14:19:35.742  INFO 11523 --- [main] o.hibernate.jpa.internal.util.LogHelper  : HHH000204: Processing PersistenceUnitInfo [name: default]
2022-12-28 14:19:35.771  INFO 11523 --- [main] org.hibernate.Version                    : HHH000412: Hibernate ORM core version 5.4.32.Final
2022-12-28 14:19:35.826  INFO 11523 --- [main] o.hibernate.annotations.common.Version   : HCANN000001: Hibernate Commons Annotations {5.1.2.Final}
2022-12-28 14:19:35.864  INFO 11523 --- [main] org.hibernate.dialect.Dialect            : HHH000400: Using dialect: org.hibernate.dialect.H2Dialect
2022-12-28 14:19:36.110  INFO 11523 --- [main] o.h.e.t.j.p.i.JtaPlatformInitiator       : HHH000490: Using JtaPlatform implementation: [org.hibernate.engine.transaction.jta.platform.internal.NoJtaPlatform]
2022-12-28 14:19:36.116  INFO 11523 --- [main] j.LocalContainerEntityManagerFactoryBean : Initialized JPA EntityManagerFactory for persistence unit 'default'
2022-12-28 14:19:36.136  WARN 11523 --- [main] ConfigServletWebServerApplicationContext : Exception encountered during context initialization - cancelling refresh attempt: org.springframework.beans.factory.UnsatisfiedDependencyException: Error creating bean with name 'globalRunListener': Unsatisfied dependency expressed through field 'callHealthApiConsumeDataDataTask'; nested exception is org.springframework.beans.factory.UnsatisfiedDependencyException: Error creating bean with name 'callHealthApiConsumeDataDataTask' defined in file [/Users/humblemouse/IdeaProjects/healthdata/target/classes/com/isaac/collegeapp/task/CallHealthApiConsumeDataDataTask.class]: Unsatisfied dependency expressed through constructor parameter 0; nested exception is org.springframework.beans.factory.NoSuchBeanDefinitionException: No qualifying bean of type 'org.springframework.web.client.RestTemplate' available: expected at least 1 bean which qualifies as autowire candidate. Dependency annotations: {}
2022-12-28 14:19:36.136  INFO 11523 --- [main] j.LocalContainerEntityManagerFactoryBean : Closing JPA EntityManagerFactory for persistence unit 'default'
2022-12-28 14:19:36.140  INFO 11523 --- [main] com.zaxxer.hikari.HikariDataSource       : HikariPool-1 - Shutdown initiated...
2022-12-28 14:19:36.169  INFO 11523 --- [main] com.zaxxer.hikari.HikariDataSource       : HikariPool-1 - Shutdown completed.
2022-12-28 14:19:36.170  INFO 11523 --- [main] o.apache.catalina.core.StandardService   : Stopping service [Tomcat]
2022-12-28 14:19:36.176  INFO 11523 --- [main] ConditionEvaluationReportLoggingListener : 

Error starting ApplicationContext. To display the conditions report re-run your application with 'debug' enabled.
2022-12-28 14:19:36.184 ERROR 11523 --- [main] o.s.b.d.LoggingFailureAnalysisReporter   : 

***************************
APPLICATION FAILED TO START
***************************

Description:

Parameter 0 of constructor in com.isaac.collegeapp.task.CallHealthApiConsumeDataDataTask required a bean of type 'org.springframework.web.client.RestTemplate' that could not be found.

The injection point has the following annotations:
	- @org.springframework.beans.factory.annotation.Autowired(required=true)


Action:

Consider defining a bean of type 'org.springframework.web.client.RestTemplate' in your configuration.

2022-12-28 14:21:05.796  INFO 11565 --- [main] c.i.collegeapp.CollegeappApplication     : Starting CollegeappApplication using Java 11.0.12 on humblemouses-MacBook-Pro.local with PID 11565 (/Users/humblemouse/IdeaProjects/healthdata/target/classes started by humblemouse in /Users/humblemouse/IdeaProjects/healthdata)
2022-12-28 14:21:05.797  INFO 11565 --- [main] c.i.collegeapp.CollegeappApplication     : No active profile set, falling back to default profiles: default
2022-12-28 14:21:06.060  INFO 11565 --- [main] .s.d.r.c.RepositoryConfigurationDelegate : Bootstrapping Spring Data JPA repositories in DEFAULT mode.
2022-12-28 14:21:06.089  INFO 11565 --- [main] .s.d.r.c.RepositoryConfigurationDelegate : Finished Spring Data repository scanning in 25 ms. Found 3 JPA repository interfaces.
2022-12-28 14:21:06.268  INFO 11565 --- [main] o.s.b.w.embedded.tomcat.TomcatWebServer  : Tomcat initialized with port(s): 8080 (http)
2022-12-28 14:21:06.273  INFO 11565 --- [main] o.apache.catalina.core.StandardService   : Starting service [Tomcat]
2022-12-28 14:21:06.273  INFO 11565 --- [main] org.apache.catalina.core.StandardEngine  : Starting Servlet engine: [Apache Tomcat/9.0.52]
2022-12-28 14:21:06.321  INFO 11565 --- [main] o.a.c.c.C.[Tomcat].[localhost].[/]       : Initializing Spring embedded WebApplicationContext
2022-12-28 14:21:06.321  INFO 11565 --- [main] w.s.c.ServletWebServerApplicationContext : Root WebApplicationContext: initialization completed in 504 ms
2022-12-28 14:21:06.334  INFO 11565 --- [main] com.zaxxer.hikari.HikariDataSource       : HikariPool-1 - Starting...
2022-12-28 14:21:06.387  INFO 11565 --- [main] com.zaxxer.hikari.HikariDataSource       : HikariPool-1 - Start completed.
2022-12-28 14:21:06.389  INFO 11565 --- [main] o.s.b.a.h2.H2ConsoleAutoConfiguration    : H2 console available at '/h2-console'. Database available at 'jdbc:h2:file:./data/demo'
2022-12-28 14:21:06.459  INFO 11565 --- [main] o.hibernate.jpa.internal.util.LogHelper  : HHH000204: Processing PersistenceUnitInfo [name: default]
2022-12-28 14:21:06.480  INFO 11565 --- [main] org.hibernate.Version                    : HHH000412: Hibernate ORM core version 5.4.32.Final
2022-12-28 14:21:06.528  INFO 11565 --- [main] o.hibernate.annotations.common.Version   : HCANN000001: Hibernate Commons Annotations {5.1.2.Final}
2022-12-28 14:21:06.563  INFO 11565 --- [main] org.hibernate.dialect.Dialect            : HHH000400: Using dialect: org.hibernate.dialect.H2Dialect
2022-12-28 14:21:06.748  INFO 11565 --- [main] o.h.e.t.j.p.i.JtaPlatformInitiator       : HHH000490: Using JtaPlatform implementation: [org.hibernate.engine.transaction.jta.platform.internal.NoJtaPlatform]
2022-12-28 14:21:06.752  INFO 11565 --- [main] j.LocalContainerEntityManagerFactoryBean : Initialized JPA EntityManagerFactory for persistence unit 'default'
2022-12-28 14:21:06.925  WARN 11565 --- [main] JpaBaseConfiguration$JpaWebConfiguration : spring.jpa.open-in-view is enabled by default. Therefore, database queries may be performed during view rendering. Explicitly configure spring.jpa.open-in-view to disable this warning
2022-12-28 14:21:07.001  INFO 11565 --- [main] o.s.b.a.w.s.WelcomePageHandlerMapping    : Adding welcome page template: index
2022-12-28 14:21:07.087  INFO 11565 --- [main] o.s.b.w.embedded.tomcat.TomcatWebServer  : Tomcat started on port(s): 8080 (http) with context path ''
2022-12-28 14:21:07.092  INFO 11565 --- [main] c.i.collegeapp.CollegeappApplication     : Started CollegeappApplication in 6.502 seconds (JVM running for 6.69)
2022-12-28 14:21:21.008  INFO 11565 --- [SpringApplicationShutdownHook] j.LocalContainerEntityManagerFactoryBean : Closing JPA EntityManagerFactory for persistence unit 'default'
2022-12-28 14:21:21.012  INFO 11565 --- [SpringApplicationShutdownHook] com.zaxxer.hikari.HikariDataSource       : HikariPool-1 - Shutdown initiated...
2022-12-28 14:21:21.014  INFO 11565 --- [SpringApplicationShutdownHook] com.zaxxer.hikari.HikariDataSource       : HikariPool-1 - Shutdown completed.
